<?xml version="1.0" encoding="UTF-8"?>
<testng-results skipped="0" failed="0" ignored="0" total="1" passed="1">
  <reporter-output>
  </reporter-output>
  <suite name="Default suite" duration-ms="13095" started-at="2017-07-06T21:14:19Z" finished-at="2017-07-06T21:14:32Z">
    <groups>
    </groups>
    <test name="Default test" duration-ms="13095" started-at="2017-07-06T21:14:19Z" finished-at="2017-07-06T21:14:32Z">
      <class name="com.sharma.test.BrowserNotification_Alerts">
        <test-method status="PASS" signature="browserAlert()[pri:0, instance:com.sharma.test.BrowserNotification_Alerts@8bd1b6a]" name="browserAlert" duration-ms="13059" started-at="2017-07-06T14:14:19Z" finished-at="2017-07-06T14:14:32Z">
          <reporter-output>
          </reporter-output>
        </test-method> <!-- browserAlert -->
      </class> <!-- com.sharma.test.BrowserNotification_Alerts -->
    </test> <!-- Default test -->
  </suite> <!-- Default suite -->
</testng-results>
